<?xml version="1.0" encoding="UTF-8"?>
<!-- Generated by org.testng.reporters.JUnitXMLReporter -->
<testsuite hostname="LAPTOP-C41CEKJ8" ignored="0" name="Test" tests="1" failures="1" timestamp="2021-09-02T19:51:17 IST" time="7.188" errors="0">
  <testcase name="LoginToApplication" time="7.153" classname="TestCases.loginToBankSite">
    <failure type="java.lang.NullPointerException">
      <![CDATA[java.lang.NullPointerException
at PO.pages.enterUsername(pages.java:39)
at PO.pages.loggedIn(pages.java:54)
at TestCases.loginToBankSite.LoginToApplication(loginToBankSite.java:33)
at java.util.ArrayList.forEach(Unknown Source)
... Removed 27 stack frames]]>
    </failure>
  </testcase> <!-- LoginToApplication -->
</testsuite> <!-- Test -->
